<?xml version="1.0" encoding="UTF-8" ?>
<testsuite tests="2" failures="1" name="CucumberFramework.RunCucumberTest" time="14.254" errors="0" skipped="0">
  <properties>
[...]
</properties>
  <testcase classname="Etsy.com Search Function" name="Seach items from homepage" time="7.934"/>
  <testcase classname="Etsy.com Search Function" name="Seach items from homepage" time="6.32">
    <failure type="java.lang.AssertionError">java.lang.AssertionError
	at org.junit.Assert.fail(Assert.java:86)
	at org.junit.Assert.assertTrue(Assert.java:41)
	at org.junit.Assert.assertTrue(Assert.java:52)
	at CucumberFramework.EtsyUIStepdefs.i_should_see_results_related_to_my_search(EtsyUIStepdefs.java:45)
	at ✽.I should see results related to my search(CucumberFramework/etsy.feature:9)
</failure>
    <system-out>
  @Etsy
  Scenario Outline: Seach items from homepage      &amp;#27;[90m# CucumberFramework/etsy.feature:14&amp;#27;[0m
Operating System: Mac OS X
    &amp;#27;[32mGiven &amp;#27;[0m&amp;#27;[32mI navigate to Etsy.com homepage&amp;#27;[0m          &amp;#27;[90m# EtsyUIStepdefs.i_navigate_to_Etsy_com_homepage()&amp;#27;[0m
    &amp;#27;[32mWhen &amp;#27;[0m&amp;#27;[32mI search for &quot;&amp;#27;[0m&amp;#27;[32m&amp;#27;[1mNeckless&amp;#27;[0m&amp;#27;[32m&quot;&amp;#27;[0m                   &amp;#27;[90m# EtsyUIStepdefs.i_search_for(String)&amp;#27;[0m
64
Checking if title contails iPhone: North Star Necklace
    &amp;#27;[31mThen &amp;#27;[0m&amp;#27;[31mI should see results related to my search&amp;#27;[0m &amp;#27;[90m# EtsyUIStepdefs.i_should_see_results_related_to_my_search()&amp;#27;[0m
      &amp;#27;[31mjava.lang.AssertionError
	at org.junit.Assert.fail(Assert.java:86)
	at org.junit.Assert.assertTrue(Assert.java:41)
	at org.junit.Assert.assertTrue(Assert.java:52)
	at CucumberFramework.EtsyUIStepdefs.i_should_see_results_related_to_my_search(EtsyUIStepdefs.java:45)
	at ✽.I should see results related to my search(CucumberFramework/etsy.feature:9)
&amp;#27;[0m
</system-out>
    <system-err>Starting ChromeDriver 2.45.615355 (d5698f682d8b2742017df6c81e0bd8e6a3063189) on port 35998
Only local connections are allowed.
Feb 09, 2019 4:31:17 PM org.openqa.selenium.remote.ProtocolHandshake createSession
INFO: Detected dialect: OSS
</system-err>
  </testcase>
</testsuite>